0 info it worked if it ends with ok
1 verbose cli [ 'node',
1 verbose cli   '/usr/local/bin/npm',
1 verbose cli   'install',
1 verbose cli   'mocha-reporter-spec',
1 verbose cli   '--save-dev' ]
2 info using npm@1.4.14
3 info using node@v0.10.24
4 warn package.json iteam@0.0.0 No repository field.
5 warn package.json gulp-aws-s3@0.0.1 No repository field.
6 warn package.json crypto@0.0.3 crypto is also the name of a node core module.
7 verbose readDependencies using package.json deps
8 verbose cache add [ 'mocha-reporter-spec', null ]
9 verbose cache add name=undefined spec="mocha-reporter-spec" args=["mocha-reporter-spec",null]
10 verbose parsed url { protocol: null,
10 verbose parsed url   slashes: null,
10 verbose parsed url   auth: null,
10 verbose parsed url   host: null,
10 verbose parsed url   port: null,
10 verbose parsed url   hostname: null,
10 verbose parsed url   hash: null,
10 verbose parsed url   search: null,
10 verbose parsed url   query: null,
10 verbose parsed url   pathname: 'mocha-reporter-spec',
10 verbose parsed url   path: 'mocha-reporter-spec',
10 verbose parsed url   href: 'mocha-reporter-spec' }
11 silly lockFile 5fa32439-mocha-reporter-spec mocha-reporter-spec
12 verbose lock mocha-reporter-spec /Users/cln/.npm/5fa32439-mocha-reporter-spec.lock
13 silly lockFile 5fa32439-mocha-reporter-spec mocha-reporter-spec
14 silly lockFile 5fa32439-mocha-reporter-spec mocha-reporter-spec
15 verbose addNamed [ 'mocha-reporter-spec', '' ]
16 verbose addNamed [ null, '*' ]
17 silly lockFile ce038214-mocha-reporter-spec mocha-reporter-spec@
18 verbose lock mocha-reporter-spec@ /Users/cln/.npm/ce038214-mocha-reporter-spec.lock
19 silly addNameRange { name: 'mocha-reporter-spec', range: '*', hasData: false }
20 verbose url raw mocha-reporter-spec
21 verbose url resolving [ 'https://registry.npmjs.org/', './mocha-reporter-spec' ]
22 verbose url resolved https://registry.npmjs.org/mocha-reporter-spec
23 info trying registry request attempt 1 at 12:03:10
24 http GET https://registry.npmjs.org/mocha-reporter-spec
25 info retry will retry, error on last attempt: Error: getaddrinfo ENOTFOUND
26 info trying registry request attempt 2 at 12:03:50
27 http GET https://registry.npmjs.org/mocha-reporter-spec
28 info retry will retry, error on last attempt: Error: getaddrinfo ENOTFOUND
29 info trying registry request attempt 3 at 12:05:25
30 http GET https://registry.npmjs.org/mocha-reporter-spec
31 http 404 https://registry.npmjs.org/mocha-reporter-spec
32 verbose headers { date: 'Wed, 23 Jul 2014 10:05:31 GMT',
32 verbose headers   server: 'CouchDB/1.5.0 (Erlang OTP/R16B03)',
32 verbose headers   'content-type': 'application/json',
32 verbose headers   'cache-control': 'max-age=0',
32 verbose headers   'content-length': '52',
32 verbose headers   'accept-ranges': 'bytes',
32 verbose headers   via: '1.1 varnish',
32 verbose headers   age: '0',
32 verbose headers   'x-served-by': 'cache-jfk1026-JFK',
32 verbose headers   'x-cache': 'MISS',
32 verbose headers   'x-cache-hits': '0',
32 verbose headers   'x-timer': 'S1406109931.578190,VS0,VE92',
32 verbose headers   'keep-alive': 'timeout=10, max=50',
32 verbose headers   connection: 'Keep-Alive' }
33 silly registry.get cb [ 404,
33 silly registry.get   { date: 'Wed, 23 Jul 2014 10:05:31 GMT',
33 silly registry.get     server: 'CouchDB/1.5.0 (Erlang OTP/R16B03)',
33 silly registry.get     'content-type': 'application/json',
33 silly registry.get     'cache-control': 'max-age=0',
33 silly registry.get     'content-length': '52',
33 silly registry.get     'accept-ranges': 'bytes',
33 silly registry.get     via: '1.1 varnish',
33 silly registry.get     age: '0',
33 silly registry.get     'x-served-by': 'cache-jfk1026-JFK',
33 silly registry.get     'x-cache': 'MISS',
33 silly registry.get     'x-cache-hits': '0',
33 silly registry.get     'x-timer': 'S1406109931.578190,VS0,VE92',
33 silly registry.get     'keep-alive': 'timeout=10, max=50',
33 silly registry.get     connection: 'Keep-Alive' } ]
34 silly lockFile ce038214-mocha-reporter-spec mocha-reporter-spec@
35 silly lockFile ce038214-mocha-reporter-spec mocha-reporter-spec@
36 error 404 404 Not Found: mocha-reporter-spec
36 error 404
36 error 404 'mocha-reporter-spec' is not in the npm registry.
36 error 404 You should bug the author to publish it
36 error 404 It was specified as a dependency of 'iteam'
36 error 404
36 error 404 Note that you can also install from a
36 error 404 tarball, folder, or http url, or git url.
37 error System Darwin 14.0.0
38 error command "node" "/usr/local/bin/npm" "install" "mocha-reporter-spec" "--save-dev"
39 error cwd /Users/cln/Projects/docpad-gulp
40 error node -v v0.10.24
41 error npm -v 1.4.14
42 error code E404
43 verbose exit [ 1, true ]
